<?xml version="1.0" encoding="UTF-8"?>
<!-- Generated by org.testng.reporters.JUnitReportReporter -->
<testsuite skipped="0" hostname="DESKTOP-27HB9NG" name="tests.LoginTest" tests="3" failures="0" timestamp="17 Apr 2020 23:25:54 GMT" time="0.008" errors="0">
  <testcase name="LoginviaTwitter" time="0.002" classname="tests.LoginTest"/>
  <testcase name="Loginviafacebook" time="0.003" classname="tests.LoginTest"/>
  <testcase name="LoginviaEmail" time="0.003" classname="tests.LoginTest"/>
</testsuite> <!-- tests.LoginTest -->
