<?xml version="1.0" encoding="UTF-8"?>
<!-- Generated by org.testng.reporters.JUnitReportReporter -->
<testsuite skipped="0" hostname="DESKTOP-27HB9NG" name="tests.SiginUpTest" tests="3" failures="0" timestamp="19 Apr 2020 00:19:06 GMT" time="0.000" errors="0">
  <testcase name="SignUpviaTwitter" time="0.000" classname="tests.SiginUpTest"/>
  <testcase name="SignUpviaEmail" time="0.000" classname="tests.SiginUpTest"/>
  <testcase name="SignUpviafacebook" time="0.000" classname="tests.SiginUpTest"/>
</testsuite> <!-- tests.SiginUpTest -->
