<?xml version="1.0" encoding="UTF-8"?>
<!-- Generated by org.testng.reporters.JUnitReportReporter -->
<testsuite skipped="0" hostname="DESKTOP-27HB9NG" name="tests.LoginTest" tests="3" failures="0" timestamp="19 Apr 2020 00:19:06 GMT" time="0.003" errors="0">
  <testcase name="LoginviaEmail" time="0.001" classname="tests.LoginTest"/>
  <testcase name="Loginviafacebook" time="0.000" classname="tests.LoginTest"/>
  <testcase name="LoginviaTwitter" time="0.002" classname="tests.LoginTest"/>
</testsuite> <!-- tests.LoginTest -->
